[debug] [2024-01-31T05:45:04.416Z] ----------------------------------------------------------------------
[debug] [2024-01-31T05:45:04.418Z] Command:       /opt/homebrew/Cellar/node/21.5.0/bin/node /opt/homebrew/bin/firebase deploy --only hosting
[debug] [2024-01-31T05:45:04.419Z] CLI Version:   13.0.3
[debug] [2024-01-31T05:45:04.419Z] Platform:      darwin
[debug] [2024-01-31T05:45:04.419Z] Node Version:  v21.5.0
[debug] [2024-01-31T05:45:04.419Z] Time:          Wed Jan 31 2024 00:45:04 GMT-0500 (Eastern Standard Time)
[debug] [2024-01-31T05:45:04.419Z] ----------------------------------------------------------------------
[debug] 
[debug] [2024-01-31T05:45:04.421Z] >>> [apiv2][query] GET https://firebase-public.firebaseio.com/cli.json [none]
[debug] [2024-01-31T05:45:04.486Z] > command requires scopes: ["email","openid","https://www.googleapis.com/auth/cloudplatformprojects.readonly","https://www.googleapis.com/auth/firebase","https://www.googleapis.com/auth/cloud-platform"]
[debug] [2024-01-31T05:45:04.486Z] > authorizing via signed-in user (redlifestyl@gmail.com)
[debug] [2024-01-31T05:45:04.486Z] [iam] checking project redtodo for permissions ["firebase.projects.get","firebasehosting.sites.update"]
[debug] [2024-01-31T05:45:04.487Z] > refreshing access token with scopes: []
[debug] [2024-01-31T05:45:04.487Z] >>> [apiv2][query] POST https://www.googleapis.com/oauth2/v3/token [none]
[debug] [2024-01-31T05:45:04.487Z] >>> [apiv2][body] POST https://www.googleapis.com/oauth2/v3/token [omitted]
[debug] [2024-01-31T05:45:04.634Z] <<< [apiv2][status] GET https://firebase-public.firebaseio.com/cli.json 200
[debug] [2024-01-31T05:45:04.634Z] <<< [apiv2][body] GET https://firebase-public.firebaseio.com/cli.json {"cloudBuildErrorAfter":1594252800000,"cloudBuildWarnAfter":1590019200000,"defaultNode10After":1594252800000,"minVersion":"3.0.5","node8DeploysDisabledAfter":1613390400000,"node8RuntimeDisabledAfter":1615809600000,"node8WarnAfter":1600128000000}
[debug] [2024-01-31T05:45:04.667Z] <<< [apiv2][status] POST https://www.googleapis.com/oauth2/v3/token 200
[debug] [2024-01-31T05:45:04.667Z] <<< [apiv2][body] POST https://www.googleapis.com/oauth2/v3/token [omitted]
[debug] [2024-01-31T05:45:04.679Z] >>> [apiv2][query] POST https://cloudresourcemanager.googleapis.com/v1/projects/redtodo:testIamPermissions [none]
[debug] [2024-01-31T05:45:04.679Z] >>> [apiv2][(partial)header] POST https://cloudresourcemanager.googleapis.com/v1/projects/redtodo:testIamPermissions x-goog-quota-user=projects/redtodo
[debug] [2024-01-31T05:45:04.679Z] >>> [apiv2][body] POST https://cloudresourcemanager.googleapis.com/v1/projects/redtodo:testIamPermissions {"permissions":["firebase.projects.get","firebasehosting.sites.update"]}
[debug] [2024-01-31T05:45:05.073Z] <<< [apiv2][status] POST https://cloudresourcemanager.googleapis.com/v1/projects/redtodo:testIamPermissions 200
[debug] [2024-01-31T05:45:05.073Z] <<< [apiv2][body] POST https://cloudresourcemanager.googleapis.com/v1/projects/redtodo:testIamPermissions {}
[debug] [2024-01-31T05:45:05.074Z] [iam] error while checking permissions, command may fail: FirebaseError: Authorization failed. This account is missing the following required permissions on project redtodo:

  firebase.projects.get
  firebasehosting.sites.update
[debug] [2024-01-31T05:45:05.075Z] >>> [apiv2][query] GET https://firebase.googleapis.com/v1beta1/projects/redtodo [none]
[debug] [2024-01-31T05:45:05.481Z] <<< [apiv2][status] GET https://firebase.googleapis.com/v1beta1/projects/redtodo 403
[debug] [2024-01-31T05:45:05.481Z] <<< [apiv2][body] GET https://firebase.googleapis.com/v1beta1/projects/redtodo {"error":{"code":403,"message":"The caller does not have permission","status":"PERMISSION_DENIED"}}
[debug] [2024-01-31T05:45:05.482Z] HTTP Error: 403, The caller does not have permission
[error] 
[error] Error: Assertion failed: resolving hosting target of a site with no site name or target name. This should have caused an error earlier
